#
# There is insufficient memory for the Java Runtime Environment to continue.
# Native memory allocation (malloc) failed to allocate 1048576 bytes for AllocateHeap
# Possible reasons:
#   The system is out of physical RAM or swap space
#   The process is running with CompressedOops enabled, and the Java Heap may be blocking the growth of the native heap
# Possible solutions:
#   Reduce memory load on the system
#   Increase physical memory or swap space
#   Check if swap backing store is full
#   Decrease Java heap size (-Xmx/-Xms)
#   Decrease number of Java threads
#   Decrease Java thread stack sizes (-Xss)
#   Set larger code cache with -XX:ReservedCodeCacheSize=
#   JVM is running with Unscaled Compressed Oops mode in which the Java heap is
#     placed in the first 4GB address space. The Java Heap base address is the
#     maximum limit for the native heap growth. Please use -XX:HeapBaseMinAddress
#     to set the Java Heap base and to place the Java Heap above 4GB virtual address.
# This output file may be truncated or incomplete.
#
#  Out of Memory Error (allocation.cpp:44), pid=2000, tid=10920
#
# JRE version:  (17.0.6+10) (build )
# Java VM: OpenJDK 64-Bit Server VM (17.0.6+10, mixed mode, emulated-client, sharing, tiered, compressed oops, compressed class ptrs, g1 gc, windows-amd64)
# No core dump will be written. Minidumps are not enabled by default on client versions of Windows
#

---------------  S U M M A R Y ------------

Command Line: -Dcom.sun.management.jmxremote -Dcom.sun.management.jmxremote.port=50446 -Dcom.sun.management.jmxremote.authenticate=false -Dcom.sun.management.jmxremote.ssl=false -Djava.rmi.server.hostname=localhost -Dspring.jmx.enabled=true -Dmanagement.endpoints.jmx.exposure.include=* -Dspring.application.admin.enabled=true -XX:TieredStopAtLevel=1 -Dspring.boot.project.name=easylogin -Dfile.encoding=UTF-8 -XX:+ShowCodeDetailsInExceptionMessages jp.co.internous.easylogin.EasyloginApplication --spring.output.ansi.enabled=always

Host: Intel(R) Core(TM) i5-10400T CPU @ 2.00GHz, 12 cores, 7G,  Windows 11 , 64 bit Build 22621 (10.0.22621.3672)
Time: Mon Aug  5 16:01:15 2024  Windows 11 , 64 bit Build 22621 (10.0.22621.3672) elapsed time: 0.072041 seconds (0d 0h 0m 0s)

---------------  T H R E A D  ---------------

Current thread (0x000002554703bfd0):  JavaThread "Unknown thread" [_thread_in_vm, id=10920, stack(0x0000006ea0600000,0x0000006ea0700000)]

Stack: [0x0000006ea0600000,0x0000006ea0700000]
Native frames: (J=compiled Java code, j=interpreted, Vv=VM code, C=native code)
V  [jvm.dll+0x67741a]
V  [jvm.dll+0x834434]
V  [jvm.dll+0x835bde]
V  [jvm.dll+0x836243]
V  [jvm.dll+0x2457b5]
V  [jvm.dll+0xa626f]
V  [jvm.dll+0x2d73f4]
V  [jvm.dll+0x8060fc]
V  [jvm.dll+0x369331]
V  [jvm.dll+0x7e56ac]
V  [jvm.dll+0x3eb35f]
V  [jvm.dll+0x3ecea1]
C  [jli.dll+0x5267]
C  [ucrtbase.dll+0x29333]
C  [KERNEL32.DLL+0x1257d]
C  [ntdll.dll+0x5af28]


---------------  P R O C E S S  ---------------

Threads class SMR info:
_java_thread_list=0x00007ffd5c655fd8, length=0, elements={
}

Java Threads: ( => current thread )

Other Threads:

=>0x000002554703bfd0 (exited) JavaThread "Unknown thread" [_thread_in_vm, id=10920, stack(0x0000006ea0600000,0x0000006ea0700000)]

Threads with active compile tasks:

VM state: not at safepoint (not fully initialized)

VM Mutex/Monitor currently owned by a thread: None

Heap address: 0x0000000000000000, size: 0 MB, Compressed Oops mode: 32-bit

CDS archive(s) mapped at: [0x0000000000000000-0x0000000000000000-0x0000000000000000), size 0, SharedBaseAddress: 0x0000000800000000, ArchiveRelocationMode: 0.
Narrow klass base: 0x0000000000000000, Narrow klass shift: 0, Narrow klass range: 0x0

GC Precious Log:
<Empty>

GC Heap History (0 events):
No events

Dll operation events (1 events):
Event: 0.067 Loaded shared library C:\pleiades\2022-12\java\17\bin\java.dll

Deoptimization events (0 events):
No events

Classes unloaded (0 events):
No events

Classes redefined (0 events):
No events

Internal exceptions (0 events):
No events

VM Operations (0 events):
No events

Events (0 events):
No events


Dynamic libraries:
0x00007ff78add0000 - 0x00007ff78adde000 	C:\pleiades\2022-12\java\17\bin\javaw.exe
0x00007ffda0790000 - 0x00007ffda09a7000 	C:\WINDOWS\SYSTEM32\ntdll.dll
0x00007ffd9f1a0000 - 0x00007ffd9f264000 	C:\WINDOWS\System32\KERNEL32.DLL
0x00007ffd9df80000 - 0x00007ffd9e32d000 	C:\WINDOWS\System32\KERNELBASE.dll
0x00007ffd9dd70000 - 0x00007ffd9de81000 	C:\WINDOWS\System32\ucrtbase.dll
0x00007ffd89380000 - 0x00007ffd89399000 	C:\pleiades\2022-12\java\17\bin\VCRUNTIME140.dll
0x00007ffd93910000 - 0x00007ffd93927000 	C:\pleiades\2022-12\java\17\bin\jli.dll
0x00007ffd9e7f0000 - 0x00007ffd9e99e000 	C:\WINDOWS\System32\USER32.dll
0x00007ffd9de90000 - 0x00007ffd9deb6000 	C:\WINDOWS\System32\win32u.dll
0x00007ffd7b690000 - 0x00007ffd7b923000 	C:\WINDOWS\WinSxS\amd64_microsoft.windows.common-controls_6595b64144ccf1df_6.0.22621.3672_none_2713b9d173822955\COMCTL32.dll
0x00007ffda0640000 - 0x00007ffda0669000 	C:\WINDOWS\System32\GDI32.dll
0x00007ffd9dbb0000 - 0x00007ffd9dcc9000 	C:\WINDOWS\System32\gdi32full.dll
0x00007ffd9dcd0000 - 0x00007ffd9dd6a000 	C:\WINDOWS\System32\msvcp_win.dll
0x00007ffd9f320000 - 0x00007ffd9f3c7000 	C:\WINDOWS\System32\msvcrt.dll
0x00007ffda05a0000 - 0x00007ffda05d1000 	C:\WINDOWS\System32\IMM32.DLL
0x00007ffd93cd0000 - 0x00007ffd93cdc000 	C:\pleiades\2022-12\java\17\bin\vcruntime140_1.dll
0x00007ffd621d0000 - 0x00007ffd62261000 	C:\pleiades\2022-12\java\17\bin\msvcp140.dll
0x00007ffd5bb40000 - 0x00007ffd5c787000 	C:\pleiades\2022-12\java\17\bin\server\jvm.dll
0x00007ffd9f3d0000 - 0x00007ffd9f482000 	C:\WINDOWS\System32\ADVAPI32.dll
0x00007ffd9f270000 - 0x00007ffd9f319000 	C:\WINDOWS\System32\sechost.dll
0x00007ffd9e330000 - 0x00007ffd9e358000 	C:\WINDOWS\System32\bcrypt.dll
0x00007ffd9ebf0000 - 0x00007ffd9ed04000 	C:\WINDOWS\System32\RPCRT4.dll
0x00007ffd94970000 - 0x00007ffd949a4000 	C:\WINDOWS\SYSTEM32\WINMM.dll
0x00007ffd99350000 - 0x00007ffd99359000 	C:\WINDOWS\SYSTEM32\WSOCK32.dll
0x00007ffd9b630000 - 0x00007ffd9b63a000 	C:\WINDOWS\SYSTEM32\VERSION.dll
0x00007ffd9f820000 - 0x00007ffd9f891000 	C:\WINDOWS\System32\ws2_32.DLL
0x00007ffd9caf0000 - 0x00007ffd9cb08000 	C:\WINDOWS\SYSTEM32\kernel.appcore.dll
0x00007ffd97d60000 - 0x00007ffd97d6a000 	C:\pleiades\2022-12\java\17\bin\jimage.dll
0x00007ffd9aaa0000 - 0x00007ffd9acd2000 	C:\WINDOWS\SYSTEM32\DBGHELP.DLL
0x00007ffd9f490000 - 0x00007ffd9f818000 	C:\WINDOWS\System32\combase.dll
0x00007ffda0670000 - 0x00007ffda0747000 	C:\WINDOWS\System32\OLEAUT32.dll
0x00007ffd8f510000 - 0x00007ffd8f542000 	C:\WINDOWS\SYSTEM32\dbgcore.DLL
0x00007ffd9db30000 - 0x00007ffd9dbab000 	C:\WINDOWS\System32\bcryptPrimitives.dll
0x00007ffd85480000 - 0x00007ffd854a5000 	C:\pleiades\2022-12\java\17\bin\java.dll

dbghelp: loaded successfully - version: 4.0.5 - missing functions: none
symbol engine: initialized successfully - sym options: 0x614 - pdb path: .;C:\pleiades\2022-12\java\17\bin;C:\WINDOWS\SYSTEM32;C:\WINDOWS\WinSxS\amd64_microsoft.windows.common-controls_6595b64144ccf1df_6.0.22621.3672_none_2713b9d173822955;C:\pleiades\2022-12\java\17\bin\server

VM Arguments:
jvm_args: -Dcom.sun.management.jmxremote -Dcom.sun.management.jmxremote.port=50446 -Dcom.sun.management.jmxremote.authenticate=false -Dcom.sun.management.jmxremote.ssl=false -Djava.rmi.server.hostname=localhost -Dspring.jmx.enabled=true -Dmanagement.endpoints.jmx.exposure.include=* -Dspring.application.admin.enabled=true -XX:TieredStopAtLevel=1 -Dspring.boot.project.name=easylogin -Dfile.encoding=UTF-8 -XX:+ShowCodeDetailsInExceptionMessages 
java_command: jp.co.internous.easylogin.EasyloginApplication --spring.output.ansi.enabled=always
java_class_path (initial): C:\Users\ktyou\OneDrive\デスクトップ\workspace\easylogin\bin\main;C:\Users\ktyou\.gradle\caches\modules-2\files-2.1\org.springframework.boot\spring-boot-starter-thymeleaf\3.3.2\cdcc62e2bb84c080a474281cf09c28cdfd423955\spring-boot-starter-thymeleaf-3.3.2.jar;C:\Users\ktyou\.gradle\caches\modules-2\files-2.1\org.springframework.boot\spring-boot-starter-web\3.3.2\720418538668a8742d0ae24097811d5250cf5c32\spring-boot-starter-web-3.3.2.jar;C:\Users\ktyou\.gradle\caches\modules-2\files-2.1\org.mybatis.spring.boot\mybatis-spring-boot-starter\3.0.3\19528356bf8bad2be5f8bf796dfc30bcc4996054\mybatis-spring-boot-starter-3.0.3.jar;C:\Users\ktyou\.gradle\caches\modules-2\files-2.1\org.springframework.boot\spring-boot-starter-json\3.3.2\d8b8b73e7820092b4e41d730eeb968add7957c45\spring-boot-starter-json-3.3.2.jar;C:\Users\ktyou\.gradle\caches\modules-2\files-2.1\org.springframework.boot\spring-boot-starter-jdbc\3.3.2\544775d745288972598ab2e872e5a4816b6d9b39\spring-boot-starter-jdbc-3.3.2.jar;C:\Users\ktyou\.gradle\caches\modules-2\files-2.1\org.springframework.boot\spring-boot-starter\3.3.2\f9377a223dab5c4afe7aead05bf6ac567cf565ab\spring-boot-starter-3.3.2.jar;C:\Users\ktyou\.gradle\caches\modules-2\files-2.1\org.thymeleaf\thymeleaf-spring6\3.1.2.RELEASE\6030c7b4e260c41336f378e53da6e8531263f24b\thymeleaf-spring6-3.1.2.RELEASE.jar;C:\Users\ktyou\.gradle\caches\modules-2\files-2.1\org.springframework.boot\spring-boot-starter-tomcat\3.3.2\37ccb53cd5207fffd7a6fc1b591687f8cb1350df\spring-boot-starter-tomcat-3.3.2.jar;C:\Users\ktyou\.gradle\caches\modules-2\files-2.1\org.springframework\spring-webmvc\6.1.11\9ec4c2a5e28bf7b2d60e254e976940b12c8ba32a\spring-webmvc-6.1.11.jar;C:\Users\ktyou\.gradle\caches\modules-2\files-2.1\org.springframework\spring-web\6.1.11\8910d08f15492273543d2c8032b2b895e08ed9e\spring-web-6.1.11.jar;C:\Users\ktyou\.gradle\caches\modules-2\files-2.1\org.mybatis.spring.boot\mybatis-spring-boot-autoconfigure\3.0.3\b73a2effa4f60a2eeca98aa12ea343
Launcher Type: SUN_STANDARD

[Global flags]
     intx CICompilerCount                          = 4                                         {product} {ergonomic}
     uint ConcGCThreads                            = 3                                         {product} {ergonomic}
     uint G1ConcRefinementThreads                  = 10                                        {product} {ergonomic}
   size_t G1HeapRegionSize                         = 1048576                                   {product} {ergonomic}
    uintx GCDrainStackTargetSize                   = 64                                        {product} {ergonomic}
   size_t InitialHeapSize                          = 132120576                                 {product} {ergonomic}
     bool ManagementServer                         = true                                      {product} {command line}
   size_t MarkStackSize                            = 4194304                                   {product} {ergonomic}
   size_t MaxHeapSize                              = 2099249152                                {product} {ergonomic}
   size_t MinHeapDeltaBytes                        = 1048576                                   {product} {ergonomic}
   size_t MinHeapSize                              = 8388608                                   {product} {ergonomic}
    uintx NonProfiledCodeHeapSize                  = 0                                      {pd product} {ergonomic}
     bool ProfileInterpreter                       = false                                  {pd product} {command line}
    uintx ProfiledCodeHeapSize                     = 0                                      {pd product} {ergonomic}
     bool ShowCodeDetailsInExceptionMessages       = true                                   {manageable} {command line}
   size_t SoftMaxHeapSize                          = 2099249152                             {manageable} {ergonomic}
     intx TieredStopAtLevel                        = 1                                         {product} {command line}
     bool UseCompressedClassPointers               = true                           {product lp64_product} {ergonomic}
     bool UseCompressedOops                        = true                           {product lp64_product} {ergonomic}
     bool UseG1GC                                  = true                                      {product} {ergonomic}
     bool UseLargePagesIndividualAllocation        = false                                  {pd product} {ergonomic}

Logging:
Log output configuration:
 #0: stdout all=warning uptime,level,tags
 #1: stderr all=off uptime,level,tags

Environment Variables:
PATH=C:/pleiades/2022-12/java/17/bin/server;C:/pleiades/2022-12/java/17/bin;C:\WINDOWS\system32;C:\WINDOWS;C:\WINDOWS\System32\Wbem;C:\WINDOWS\System32\WindowsPowerShell\v1.0\;C:\WINDOWS\System32\OpenSSH\;C:\Program Files\TortoiseSVN\bin;C:\xampp\mysql\bin;C:\Program Files\Git\cmd;C:\Program Files (x86)\Common Files\Intel\Shared Libraries\redist\intel64_win\compiler;C:\Users\ktyou\AppData\Local\Microsoft\WindowsApps;C:\Users\ktyou\AppData\Local\Programs\Microsoft VS Code\bin;C:\pleiades\2022-12\eclipse;
USERNAME=ktyou
OS=Windows_NT
PROCESSOR_IDENTIFIER=Intel64 Family 6 Model 165 Stepping 3, GenuineIntel
TMP=C:\Users\ktyou\AppData\Local\Temp
TEMP=C:\Users\ktyou\AppData\Local\Temp



---------------  S Y S T E M  ---------------

OS:
 Windows 11 , 64 bit Build 22621 (10.0.22621.3672)
OS uptime: 6 days 23:28 hours

CPU: total 12 (initial active 12) (6 cores per cpu, 2 threads per core) family 6 model 165 stepping 3 microcode 0xe0, cx8, cmov, fxsr, ht, mmx, 3dnowpref, sse, sse2, sse3, ssse3, sse4.1, sse4.2, popcnt, lzcnt, tsc, tscinvbit, avx, avx2, aes, erms, clmul, bmi1, bmi2, adx, fma, vzeroupper, clflush, clflushopt

Memory: 4k page, system-wide physical 8001M (392M free)
TotalPageFile size 32577M (AvailPageFile size 5M)
current process WorkingSet (physical memory assigned to process): 10M, peak: 10M
current process commit charge ("private bytes"): 8M, peak: 9M

vm_info: OpenJDK 64-Bit Server VM (17.0.6+10) for windows-amd64 JRE (17.0.6+10), built on Jan 18 2023 10:08:59 by "temurin" with MS VC++ 16.7 (VS2019)

END.
