#
# There is insufficient memory for the Java Runtime Environment to continue.
# Native memory allocation (mmap) failed to map 65536 bytes for Failed to commit metaspace.
# Possible reasons:
#   The system is out of physical RAM or swap space
#   The process is running with CompressedOops enabled, and the Java Heap may be blocking the growth of the native heap
# Possible solutions:
#   Reduce memory load on the system
#   Increase physical memory or swap space
#   Check if swap backing store is full
#   Decrease Java heap size (-Xmx/-Xms)
#   Decrease number of Java threads
#   Decrease Java thread stack sizes (-Xss)
#   Set larger code cache with -XX:ReservedCodeCacheSize=
#   JVM is running with Unscaled Compressed Oops mode in which the Java heap is
#     placed in the first 4GB address space. The Java Heap base address is the
#     maximum limit for the native heap growth. Please use -XX:HeapBaseMinAddress
#     to set the Java Heap base and to place the Java Heap above 4GB virtual address.
# This output file may be truncated or incomplete.
#
#  Out of Memory Error (virtualSpaceNode.cpp:110), pid=29056, tid=3816
#
# JRE version: OpenJDK Runtime Environment Temurin-17.0.6+10 (17.0.6+10) (build 17.0.6+10)
# Java VM: OpenJDK 64-Bit Server VM Temurin-17.0.6+10 (17.0.6+10, mixed mode, emulated-client, sharing, tiered, compressed oops, compressed class ptrs, g1 gc, windows-amd64)
# No core dump will be written. Minidumps are not enabled by default on client versions of Windows
#

---------------  S U M M A R Y ------------

Command Line: -Dcom.sun.management.jmxremote -Dcom.sun.management.jmxremote.port=50246 -Dcom.sun.management.jmxremote.authenticate=false -Dcom.sun.management.jmxremote.ssl=false -Djava.rmi.server.hostname=localhost -Dspring.jmx.enabled=true -Dmanagement.endpoints.jmx.exposure.include=* -Dspring.application.admin.enabled=true -XX:TieredStopAtLevel=1 -Dspring.boot.project.name=easylogin -Dfile.encoding=UTF-8 -XX:+ShowCodeDetailsInExceptionMessages jp.co.internous.easylogin.EasyloginApplication --spring.output.ansi.enabled=always

Host: Intel(R) Core(TM) i5-10400T CPU @ 2.00GHz, 12 cores, 7G,  Windows 11 , 64 bit Build 22621 (10.0.22621.3672)
Time: Mon Aug  5 15:52:35 2024  Windows 11 , 64 bit Build 22621 (10.0.22621.3672) elapsed time: 0.293830 seconds (0d 0h 0m 0s)

---------------  T H R E A D  ---------------

Current thread (0x0000022068b7bb20):  JavaThread "main" [_thread_in_vm, id=3816, stack(0x00000039b1400000,0x00000039b1500000)]

Stack: [0x00000039b1400000,0x00000039b1500000]
Native frames: (J=compiled Java code, j=interpreted, Vv=VM code, C=native code)
V  [jvm.dll+0x67741a]
V  [jvm.dll+0x834434]
V  [jvm.dll+0x835bde]
V  [jvm.dll+0x836243]
V  [jvm.dll+0x2457b5]
V  [jvm.dll+0x8304cb]
V  [jvm.dll+0x61bca6]
V  [jvm.dll+0x61bd0a]
V  [jvm.dll+0x61e52a]
V  [jvm.dll+0x61c646]
V  [jvm.dll+0x626487]
V  [jvm.dll+0x1ea42b]
V  [jvm.dll+0x1ea965]
V  [jvm.dll+0x1eb39f]
V  [jvm.dll+0x1e0841]
V  [jvm.dll+0x53c6d0]
V  [jvm.dll+0x1f1017]
V  [jvm.dll+0x7aea1b]
V  [jvm.dll+0x7afdc2]
V  [jvm.dll+0x7b00f8]
V  [jvm.dll+0x23dbbe]
V  [jvm.dll+0x37ecce]
C  0x0000022071e39984

Java frames: (J=compiled Java code, j=interpreted, Vv=VM code)
j  sun.management.jmxremote.ConnectorBootstrap$PermanentExporter.exportObject(Ljava/rmi/Remote;ILjava/rmi/server/RMIClientSocketFactory;Ljava/rmi/server/RMIServerSocketFactory;Ljava/io/ObjectInputFilter;)Ljava/rmi/Remote;+40 jdk.management.agent@17.0.6
j  javax.management.remote.rmi.RMIJRMPServerImpl.export(Ljava/rmi/Remote;Ljava/io/ObjectInputFilter;)V+62 java.management.rmi@17.0.6
j  javax.management.remote.rmi.RMIJRMPServerImpl.export()V+6 java.management.rmi@17.0.6
j  javax.management.remote.rmi.RMIConnectorServer.start()V+257 java.management.rmi@17.0.6
j  sun.management.jmxremote.ConnectorBootstrap.exportMBeanServer(Ljavax/management/MBeanServer;IIZZLjava/lang/String;[Ljava/lang/String;[Ljava/lang/String;ZZLjava/lang/String;Ljava/lang/String;ZLjava/lang/String;Ljava/lang/String;Ljava/lang/String;)Lsun/management/jmxremote/ConnectorBootstrap$JMXConnectorServerData;+348 jdk.management.agent@17.0.6
j  sun.management.jmxremote.ConnectorBootstrap.startRemoteConnectorServer(Ljava/lang/String;Ljava/util/Properties;)Ljavax/management/remote/JMXConnectorServer;+620 jdk.management.agent@17.0.6
j  jdk.internal.agent.Agent.startAgent(Ljava/util/Properties;)V+48 jdk.management.agent@17.0.6
j  jdk.internal.agent.Agent.startAgent()V+20 jdk.management.agent@17.0.6
v  ~StubRoutines::call_stub

---------------  P R O C E S S  ---------------

Threads class SMR info:
_java_thread_list=0x000002207dcc2090, length=13, elements={
0x0000022068b7bb20, 0x000002207d0588f0, 0x000002207d059f00, 0x000002207d074710,
0x000002207d0752c0, 0x000002207d077620, 0x000002207d079110, 0x000002207d07f080,
0x000002207d0809b0, 0x000002207dca0390, 0x000002207dca8070, 0x000002207dcac8e0,
0x000002207dca0860
}

Java Threads: ( => current thread )
=>0x0000022068b7bb20 JavaThread "main" [_thread_in_vm, id=3816, stack(0x00000039b1400000,0x00000039b1500000)]
  0x000002207d0588f0 JavaThread "Reference Handler" daemon [_thread_blocked, id=16528, stack(0x00000039b1b00000,0x00000039b1c00000)]
  0x000002207d059f00 JavaThread "Finalizer" daemon [_thread_blocked, id=15820, stack(0x00000039b1c00000,0x00000039b1d00000)]
  0x000002207d074710 JavaThread "Signal Dispatcher" daemon [_thread_blocked, id=23544, stack(0x00000039b1d00000,0x00000039b1e00000)]
  0x000002207d0752c0 JavaThread "Attach Listener" daemon [_thread_blocked, id=14432, stack(0x00000039b1e00000,0x00000039b1f00000)]
  0x000002207d077620 JavaThread "Service Thread" daemon [_thread_blocked, id=23356, stack(0x00000039b1f00000,0x00000039b2000000)]
  0x000002207d079110 JavaThread "Monitor Deflation Thread" daemon [_thread_blocked, id=26452, stack(0x00000039b2000000,0x00000039b2100000)]
  0x000002207d07f080 JavaThread "C1 CompilerThread0" daemon [_thread_blocked, id=8104, stack(0x00000039b2100000,0x00000039b2200000)]
  0x000002207d0809b0 JavaThread "Sweeper thread" daemon [_thread_blocked, id=11008, stack(0x00000039b2200000,0x00000039b2300000)]
  0x000002207dca0390 JavaThread "Common-Cleaner" daemon [_thread_blocked, id=28168, stack(0x00000039b2300000,0x00000039b2400000)]
  0x000002207dca8070 JavaThread "C1 CompilerThread1" daemon [_thread_blocked, id=24148, stack(0x00000039b2400000,0x00000039b2500000)]
  0x000002207dcac8e0 JavaThread "C1 CompilerThread2" daemon [_thread_blocked, id=6772, stack(0x00000039b2500000,0x00000039b2600000)]
  0x000002207dca0860 JavaThread "Notification Thread" daemon [_thread_blocked, id=988, stack(0x00000039b2600000,0x00000039b2700000)]

Other Threads:
  0x000002207d053550 VMThread "VM Thread" [stack: 0x00000039b1a00000,0x00000039b1b00000] [id=27872]
  0x0000022068bd6820 GCTaskThread "GC Thread#0" [stack: 0x00000039b1500000,0x00000039b1600000] [id=22200]
  0x0000022068be7940 ConcurrentGCThread "G1 Main Marker" [stack: 0x00000039b1600000,0x00000039b1700000] [id=8220]
  0x0000022068be8350 ConcurrentGCThread "G1 Conc#0" [stack: 0x00000039b1700000,0x00000039b1800000] [id=26352]
  0x0000022068c2ddf0 ConcurrentGCThread "G1 Refine#0" [stack: 0x00000039b1800000,0x00000039b1900000] [id=21392]
  0x0000022068c2e810 ConcurrentGCThread "G1 Service" [stack: 0x00000039b1900000,0x00000039b1a00000] [id=4212]

Threads with active compile tasks:

VM state: not at safepoint (normal execution)

VM Mutex/Monitor currently owned by a thread:  ([mutex/lock_event])
[0x0000022068b75e90] Metaspace_lock - owner thread: 0x0000022068b7bb20

Heap address: 0x0000000082e00000, size: 2002 MB, Compressed Oops mode: 32-bit

CDS archive(s) mapped at: [0x0000000800000000-0x0000000800bc0000-0x0000000800bc0000), size 12320768, SharedBaseAddress: 0x0000000800000000, ArchiveRelocationMode: 0.
Compressed class space mapped at: 0x0000000800c00000-0x0000000840c00000, reserved size: 1073741824
Narrow klass base: 0x0000000800000000, Narrow klass shift: 0, Narrow klass range: 0x100000000

GC Precious Log:
 CPUs: 12 total, 12 available
 Memory: 8001M
 Large Page Support: Disabled
 NUMA Support: Disabled
 Compressed Oops: Enabled (32-bit)
 Heap Region Size: 1M
 Heap Min Capacity: 8M
 Heap Initial Capacity: 126M
 Heap Max Capacity: 2002M
 Pre-touch: Disabled
 Parallel Workers: 10
 Concurrent Workers: 3
 Concurrent Refinement Workers: 10
 Periodic GC: Disabled

Heap:
 garbage-first heap   total 129024K, used 7168K [0x0000000082e00000, 0x0000000100000000)
  region size 1024K, 9 young (9216K), 0 survivors (0K)
 Metaspace       used 2742K, committed 2816K, reserved 1056768K
  class space    used 329K, committed 384K, reserved 1048576K

Heap Regions: E=young(eden), S=young(survivor), O=old, HS=humongous(starts), HC=humongous(continues), CS=collection set, F=free, OA=open archive, CA=closed archive, TAMS=top-at-mark-start (previous, next)
|   0|0x0000000082e00000, 0x0000000082e00000, 0x0000000082f00000|  0%| F|  |TAMS 0x0000000082e00000, 0x0000000082e00000| Untracked 
|   1|0x0000000082f00000, 0x0000000082f00000, 0x0000000083000000|  0%| F|  |TAMS 0x0000000082f00000, 0x0000000082f00000| Untracked 
|   2|0x0000000083000000, 0x0000000083000000, 0x0000000083100000|  0%| F|  |TAMS 0x0000000083000000, 0x0000000083000000| Untracked 
|   3|0x0000000083100000, 0x0000000083100000, 0x0000000083200000|  0%| F|  |TAMS 0x0000000083100000, 0x0000000083100000| Untracked 
|   4|0x0000000083200000, 0x0000000083200000, 0x0000000083300000|  0%| F|  |TAMS 0x0000000083200000, 0x0000000083200000| Untracked 
|   5|0x0000000083300000, 0x0000000083300000, 0x0000000083400000|  0%| F|  |TAMS 0x0000000083300000, 0x0000000083300000| Untracked 
|   6|0x0000000083400000, 0x0000000083400000, 0x0000000083500000|  0%| F|  |TAMS 0x0000000083400000, 0x0000000083400000| Untracked 
|   7|0x0000000083500000, 0x0000000083500000, 0x0000000083600000|  0%| F|  |TAMS 0x0000000083500000, 0x0000000083500000| Untracked 
|   8|0x0000000083600000, 0x0000000083600000, 0x0000000083700000|  0%| F|  |TAMS 0x0000000083600000, 0x0000000083600000| Untracked 
|   9|0x0000000083700000, 0x0000000083700000, 0x0000000083800000|  0%| F|  |TAMS 0x0000000083700000, 0x0000000083700000| Untracked 
|  10|0x0000000083800000, 0x0000000083800000, 0x0000000083900000|  0%| F|  |TAMS 0x0000000083800000, 0x0000000083800000| Untracked 
|  11|0x0000000083900000, 0x0000000083900000, 0x0000000083a00000|  0%| F|  |TAMS 0x0000000083900000, 0x0000000083900000| Untracked 
|  12|0x0000000083a00000, 0x0000000083a00000, 0x0000000083b00000|  0%| F|  |TAMS 0x0000000083a00000, 0x0000000083a00000| Untracked 
|  13|0x0000000083b00000, 0x0000000083b00000, 0x0000000083c00000|  0%| F|  |TAMS 0x0000000083b00000, 0x0000000083b00000| Untracked 
|  14|0x0000000083c00000, 0x0000000083c00000, 0x0000000083d00000|  0%| F|  |TAMS 0x0000000083c00000, 0x0000000083c00000| Untracked 
|  15|0x0000000083d00000, 0x0000000083d00000, 0x0000000083e00000|  0%| F|  |TAMS 0x0000000083d00000, 0x0000000083d00000| Untracked 
|  16|0x0000000083e00000, 0x0000000083e00000, 0x0000000083f00000|  0%| F|  |TAMS 0x0000000083e00000, 0x0000000083e00000| Untracked 
|  17|0x0000000083f00000, 0x0000000083f00000, 0x0000000084000000|  0%| F|  |TAMS 0x0000000083f00000, 0x0000000083f00000| Untracked 
|  18|0x0000000084000000, 0x0000000084000000, 0x0000000084100000|  0%| F|  |TAMS 0x0000000084000000, 0x0000000084000000| Untracked 
|  19|0x0000000084100000, 0x0000000084100000, 0x0000000084200000|  0%| F|  |TAMS 0x0000000084100000, 0x0000000084100000| Untracked 
|  20|0x0000000084200000, 0x0000000084200000, 0x0000000084300000|  0%| F|  |TAMS 0x0000000084200000, 0x0000000084200000| Untracked 
|  21|0x0000000084300000, 0x0000000084300000, 0x0000000084400000|  0%| F|  |TAMS 0x0000000084300000, 0x0000000084300000| Untracked 
|  22|0x0000000084400000, 0x0000000084400000, 0x0000000084500000|  0%| F|  |TAMS 0x0000000084400000, 0x0000000084400000| Untracked 
|  23|0x0000000084500000, 0x0000000084500000, 0x0000000084600000|  0%| F|  |TAMS 0x0000000084500000, 0x0000000084500000| Untracked 
|  24|0x0000000084600000, 0x0000000084600000, 0x0000000084700000|  0%| F|  |TAMS 0x0000000084600000, 0x0000000084600000| Untracked 
|  25|0x0000000084700000, 0x0000000084700000, 0x0000000084800000|  0%| F|  |TAMS 0x0000000084700000, 0x0000000084700000| Untracked 
|  26|0x0000000084800000, 0x0000000084800000, 0x0000000084900000|  0%| F|  |TAMS 0x0000000084800000, 0x0000000084800000| Untracked 
|  27|0x0000000084900000, 0x0000000084900000, 0x0000000084a00000|  0%| F|  |TAMS 0x0000000084900000, 0x0000000084900000| Untracked 
|  28|0x0000000084a00000, 0x0000000084a00000, 0x0000000084b00000|  0%| F|  |TAMS 0x0000000084a00000, 0x0000000084a00000| Untracked 
|  29|0x0000000084b00000, 0x0000000084b00000, 0x0000000084c00000|  0%| F|  |TAMS 0x0000000084b00000, 0x0000000084b00000| Untracked 
|  30|0x0000000084c00000, 0x0000000084c00000, 0x0000000084d00000|  0%| F|  |TAMS 0x0000000084c00000, 0x0000000084c00000| Untracked 
|  31|0x0000000084d00000, 0x0000000084d00000, 0x0000000084e00000|  0%| F|  |TAMS 0x0000000084d00000, 0x0000000084d00000| Untracked 
|  32|0x0000000084e00000, 0x0000000084e00000, 0x0000000084f00000|  0%| F|  |TAMS 0x0000000084e00000, 0x0000000084e00000| Untracked 
|  33|0x0000000084f00000, 0x0000000084f00000, 0x0000000085000000|  0%| F|  |TAMS 0x0000000084f00000, 0x0000000084f00000| Untracked 
|  34|0x0000000085000000, 0x0000000085000000, 0x0000000085100000|  0%| F|  |TAMS 0x0000000085000000, 0x0000000085000000| Untracked 
|  35|0x0000000085100000, 0x0000000085100000, 0x0000000085200000|  0%| F|  |TAMS 0x0000000085100000, 0x0000000085100000| Untracked 
|  36|0x0000000085200000, 0x0000000085200000, 0x0000000085300000|  0%| F|  |TAMS 0x0000000085200000, 0x0000000085200000| Untracked 
|  37|0x0000000085300000, 0x0000000085300000, 0x0000000085400000|  0%| F|  |TAMS 0x0000000085300000, 0x0000000085300000| Untracked 
|  38|0x0000000085400000, 0x0000000085400000, 0x0000000085500000|  0%| F|  |TAMS 0x0000000085400000, 0x0000000085400000| Untracked 
|  39|0x0000000085500000, 0x0000000085500000, 0x0000000085600000|  0%| F|  |TAMS 0x0000000085500000, 0x0000000085500000| Untracked 
|  40|0x0000000085600000, 0x0000000085600000, 0x0000000085700000|  0%| F|  |TAMS 0x0000000085600000, 0x0000000085600000| Untracked 
|  41|0x0000000085700000, 0x0000000085700000, 0x0000000085800000|  0%| F|  |TAMS 0x0000000085700000, 0x0000000085700000| Untracked 
|  42|0x0000000085800000, 0x0000000085800000, 0x0000000085900000|  0%| F|  |TAMS 0x0000000085800000, 0x0000000085800000| Untracked 
|  43|0x0000000085900000, 0x0000000085900000, 0x0000000085a00000|  0%| F|  |TAMS 0x0000000085900000, 0x0000000085900000| Untracked 
|  44|0x0000000085a00000, 0x0000000085a00000, 0x0000000085b00000|  0%| F|  |TAMS 0x0000000085a00000, 0x0000000085a00000| Untracked 
|  45|0x0000000085b00000, 0x0000000085b00000, 0x0000000085c00000|  0%| F|  |TAMS 0x0000000085b00000, 0x0000000085b00000| Untracked 
|  46|0x0000000085c00000, 0x0000000085c00000, 0x0000000085d00000|  0%| F|  |TAMS 0x0000000085c00000, 0x0000000085c00000| Untracked 
|  47|0x0000000085d00000, 0x0000000085d00000, 0x0000000085e00000|  0%| F|  |TAMS 0x0000000085d00000, 0x0000000085d00000| Untracked 
|  48|0x0000000085e00000, 0x0000000085e00000, 0x0000000085f00000|  0%| F|  |TAMS 0x0000000085e00000, 0x0000000085e00000| Untracked 
|  49|0x0000000085f00000, 0x0000000085f00000, 0x0000000086000000|  0%| F|  |TAMS 0x0000000085f00000, 0x0000000085f00000| Untracked 
|  50|0x0000000086000000, 0x0000000086000000, 0x0000000086100000|  0%| F|  |TAMS 0x0000000086000000, 0x0000000086000000| Untracked 
|  51|0x0000000086100000, 0x0000000086100000, 0x0000000086200000|  0%| F|  |TAMS 0x0000000086100000, 0x0000000086100000| Untracked 
|  52|0x0000000086200000, 0x0000000086200000, 0x0000000086300000|  0%| F|  |TAMS 0x0000000086200000, 0x0000000086200000| Untracked 
|  53|0x0000000086300000, 0x0000000086300000, 0x0000000086400000|  0%| F|  |TAMS 0x0000000086300000, 0x0000000086300000| Untracked 
|  54|0x0000000086400000, 0x0000000086400000, 0x0000000086500000|  0%| F|  |TAMS 0x0000000086400000, 0x0000000086400000| Untracked 
|  55|0x0000000086500000, 0x0000000086500000, 0x0000000086600000|  0%| F|  |TAMS 0x0000000086500000, 0x0000000086500000| Untracked 
|  56|0x0000000086600000, 0x0000000086600000, 0x0000000086700000|  0%| F|  |TAMS 0x0000000086600000, 0x0000000086600000| Untracked 
|  57|0x0000000086700000, 0x0000000086700000, 0x0000000086800000|  0%| F|  |TAMS 0x0000000086700000, 0x0000000086700000| Untracked 
|  58|0x0000000086800000, 0x0000000086800000, 0x0000000086900000|  0%| F|  |TAMS 0x0000000086800000, 0x0000000086800000| Untracked 
|  59|0x0000000086900000, 0x0000000086900000, 0x0000000086a00000|  0%| F|  |TAMS 0x0000000086900000, 0x0000000086900000| Untracked 
|  60|0x0000000086a00000, 0x0000000086a00000, 0x0000000086b00000|  0%| F|  |TAMS 0x0000000086a00000, 0x0000000086a00000| Untracked 
|  61|0x0000000086b00000, 0x0000000086b00000, 0x0000000086c00000|  0%| F|  |TAMS 0x0000000086b00000, 0x0000000086b00000| Untracked 
|  62|0x0000000086c00000, 0x0000000086c00000, 0x0000000086d00000|  0%| F|  |TAMS 0x0000000086c00000, 0x0000000086c00000| Untracked 
|  63|0x0000000086d00000, 0x0000000086d00000, 0x0000000086e00000|  0%| F|  |TAMS 0x0000000086d00000, 0x0000000086d00000| Untracked 
|  64|0x0000000086e00000, 0x0000000086e00000, 0x0000000086f00000|  0%| F|  |TAMS 0x0000000086e00000, 0x0000000086e00000| Untracked 
|  65|0x0000000086f00000, 0x0000000086f00000, 0x0000000087000000|  0%| F|  |TAMS 0x0000000086f00000, 0x0000000086f00000| Untracked 
|  66|0x0000000087000000, 0x0000000087000000, 0x0000000087100000|  0%| F|  |TAMS 0x0000000087000000, 0x0000000087000000| Untracked 
|  67|0x0000000087100000, 0x0000000087100000, 0x0000000087200000|  0%| F|  |TAMS 0x0000000087100000, 0x0000000087100000| Untracked 
|  68|0x0000000087200000, 0x0000000087200000, 0x0000000087300000|  0%| F|  |TAMS 0x0000000087200000, 0x0000000087200000| Untracked 
|  69|0x0000000087300000, 0x0000000087300000, 0x0000000087400000|  0%| F|  |TAMS 0x0000000087300000, 0x0000000087300000| Untracked 
|  70|0x0000000087400000, 0x0000000087400000, 0x0000000087500000|  0%| F|  |TAMS 0x0000000087400000, 0x0000000087400000| Untracked 
|  71|0x0000000087500000, 0x0000000087500000, 0x0000000087600000|  0%| F|  |TAMS 0x0000000087500000, 0x0000000087500000| Untracked 
|  72|0x0000000087600000, 0x0000000087600000, 0x0000000087700000|  0%| F|  |TAMS 0x0000000087600000, 0x0000000087600000| Untracked 
|  73|0x0000000087700000, 0x0000000087700000, 0x0000000087800000|  0%| F|  |TAMS 0x0000000087700000, 0x0000000087700000| Untracked 
|  74|0x0000000087800000, 0x0000000087800000, 0x0000000087900000|  0%| F|  |TAMS 0x0000000087800000, 0x0000000087800000| Untracked 
|  75|0x0000000087900000, 0x0000000087900000, 0x0000000087a00000|  0%| F|  |TAMS 0x0000000087900000, 0x0000000087900000| Untracked 
|  76|0x0000000087a00000, 0x0000000087a00000, 0x0000000087b00000|  0%| F|  |TAMS 0x0000000087a00000, 0x0000000087a00000| Untracked 
|  77|0x0000000087b00000, 0x0000000087b00000, 0x0000000087c00000|  0%| F|  |TAMS 0x0000000087b00000, 0x0000000087b00000| Untracked 
|  78|0x0000000087c00000, 0x0000000087c00000, 0x0000000087d00000|  0%| F|  |TAMS 0x0000000087c00000, 0x0000000087c00000| Untracked 
|  79|0x0000000087d00000, 0x0000000087d00000, 0x0000000087e00000|  0%| F|  |TAMS 0x0000000087d00000, 0x0000000087d00000| Untracked 
|  80|0x0000000087e00000, 0x0000000087e00000, 0x0000000087f00000|  0%| F|  |TAMS 0x0000000087e00000, 0x0000000087e00000| Untracked 
|  81|0x0000000087f00000, 0x0000000087f00000, 0x0000000088000000|  0%| F|  |TAMS 0x0000000087f00000, 0x0000000087f00000| Untracked 
|  82|0x0000000088000000, 0x0000000088000000, 0x0000000088100000|  0%| F|  |TAMS 0x0000000088000000, 0x0000000088000000| Untracked 
|  83|0x0000000088100000, 0x0000000088100000, 0x0000000088200000|  0%| F|  |TAMS 0x0000000088100000, 0x0000000088100000| Untracked 
|  84|0x0000000088200000, 0x0000000088200000, 0x0000000088300000|  0%| F|  |TAMS 0x0000000088200000, 0x0000000088200000| Untracked 
|  85|0x0000000088300000, 0x0000000088300000, 0x0000000088400000|  0%| F|  |TAMS 0x0000000088300000, 0x0000000088300000| Untracked 
|  86|0x0000000088400000, 0x0000000088400000, 0x0000000088500000|  0%| F|  |TAMS 0x0000000088400000, 0x0000000088400000| Untracked 
|  87|0x0000000088500000, 0x0000000088500000, 0x0000000088600000|  0%| F|  |TAMS 0x0000000088500000, 0x0000000088500000| Untracked 
|  88|0x0000000088600000, 0x0000000088600000, 0x0000000088700000|  0%| F|  |TAMS 0x0000000088600000, 0x0000000088600000| Untracked 
|  89|0x0000000088700000, 0x0000000088700000, 0x0000000088800000|  0%| F|  |TAMS 0x0000000088700000, 0x0000000088700000| Untracked 
|  90|0x0000000088800000, 0x0000000088800000, 0x0000000088900000|  0%| F|  |TAMS 0x0000000088800000, 0x0000000088800000| Untracked 
|  91|0x0000000088900000, 0x0000000088900000, 0x0000000088a00000|  0%| F|  |TAMS 0x0000000088900000, 0x0000000088900000| Untracked 
|  92|0x0000000088a00000, 0x0000000088a00000, 0x0000000088b00000|  0%| F|  |TAMS 0x0000000088a00000, 0x0000000088a00000| Untracked 
|  93|0x0000000088b00000, 0x0000000088b00000, 0x0000000088c00000|  0%| F|  |TAMS 0x0000000088b00000, 0x0000000088b00000| Untracked 
|  94|0x0000000088c00000, 0x0000000088c00000, 0x0000000088d00000|  0%| F|  |TAMS 0x0000000088c00000, 0x0000000088c00000| Untracked 
|  95|0x0000000088d00000, 0x0000000088d00000, 0x0000000088e00000|  0%| F|  |TAMS 0x0000000088d00000, 0x0000000088d00000| Untracked 
|  96|0x0000000088e00000, 0x0000000088e00000, 0x0000000088f00000|  0%| F|  |TAMS 0x0000000088e00000, 0x0000000088e00000| Untracked 
|  97|0x0000000088f00000, 0x0000000088f00000, 0x0000000089000000|  0%| F|  |TAMS 0x0000000088f00000, 0x0000000088f00000| Untracked 
|  98|0x0000000089000000, 0x0000000089000000, 0x0000000089100000|  0%| F|  |TAMS 0x0000000089000000, 0x0000000089000000| Untracked 
|  99|0x0000000089100000, 0x0000000089100000, 0x0000000089200000|  0%| F|  |TAMS 0x0000000089100000, 0x0000000089100000| Untracked 
| 100|0x0000000089200000, 0x0000000089200000, 0x0000000089300000|  0%| F|  |TAMS 0x0000000089200000, 0x0000000089200000| Untracked 
| 101|0x0000000089300000, 0x0000000089300000, 0x0000000089400000|  0%| F|  |TAMS 0x0000000089300000, 0x0000000089300000| Untracked 
| 102|0x0000000089400000, 0x0000000089400000, 0x0000000089500000|  0%| F|  |TAMS 0x0000000089400000, 0x0000000089400000| Untracked 
| 103|0x0000000089500000, 0x0000000089500000, 0x0000000089600000|  0%| F|  |TAMS 0x0000000089500000, 0x0000000089500000| Untracked 
| 104|0x0000000089600000, 0x0000000089600000, 0x0000000089700000|  0%| F|  |TAMS 0x0000000089600000, 0x0000000089600000| Untracked 
| 105|0x0000000089700000, 0x0000000089700000, 0x0000000089800000|  0%| F|  |TAMS 0x0000000089700000, 0x0000000089700000| Untracked 
| 106|0x0000000089800000, 0x0000000089800000, 0x0000000089900000|  0%| F|  |TAMS 0x0000000089800000, 0x0000000089800000| Untracked 
| 107|0x0000000089900000, 0x0000000089900000, 0x0000000089a00000|  0%| F|  |TAMS 0x0000000089900000, 0x0000000089900000| Untracked 
| 108|0x0000000089a00000, 0x0000000089a00000, 0x0000000089b00000|  0%| F|  |TAMS 0x0000000089a00000, 0x0000000089a00000| Untracked 
| 109|0x0000000089b00000, 0x0000000089b00000, 0x0000000089c00000|  0%| F|  |TAMS 0x0000000089b00000, 0x0000000089b00000| Untracked 
| 110|0x0000000089c00000, 0x0000000089c00000, 0x0000000089d00000|  0%| F|  |TAMS 0x0000000089c00000, 0x0000000089c00000| Untracked 
| 111|0x0000000089d00000, 0x0000000089d00000, 0x0000000089e00000|  0%| F|  |TAMS 0x0000000089d00000, 0x0000000089d00000| Untracked 
| 112|0x0000000089e00000, 0x0000000089e00000, 0x0000000089f00000|  0%| F|  |TAMS 0x0000000089e00000, 0x0000000089e00000| Untracked 
| 113|0x0000000089f00000, 0x0000000089f00000, 0x000000008a000000|  0%| F|  |TAMS 0x0000000089f00000, 0x0000000089f00000| Untracked 
| 114|0x000000008a000000, 0x000000008a000000, 0x000000008a100000|  0%| F|  |TAMS 0x000000008a000000, 0x000000008a000000| Untracked 
| 115|0x000000008a100000, 0x000000008a100000, 0x000000008a200000|  0%| F|  |TAMS 0x000000008a100000, 0x000000008a100000| Untracked 
| 116|0x000000008a200000, 0x000000008a200000, 0x000000008a300000|  0%| F|  |TAMS 0x000000008a200000, 0x000000008a200000| Untracked 
| 117|0x000000008a300000, 0x000000008a376440, 0x000000008a400000| 46%| E|  |TAMS 0x000000008a300000, 0x000000008a300000| Complete 
| 118|0x000000008a400000, 0x000000008a500000, 0x000000008a500000|100%| E|CS|TAMS 0x000000008a400000, 0x000000008a400000| Complete 
| 119|0x000000008a500000, 0x000000008a600000, 0x000000008a600000|100%| E|CS|TAMS 0x000000008a500000, 0x000000008a500000| Complete 
| 120|0x000000008a600000, 0x000000008a700000, 0x000000008a700000|100%| E|CS|TAMS 0x000000008a600000, 0x000000008a600000| Complete 
| 121|0x000000008a700000, 0x000000008a800000, 0x000000008a800000|100%| E|  |TAMS 0x000000008a700000, 0x000000008a700000| Complete 
| 122|0x000000008a800000, 0x000000008a900000, 0x000000008a900000|100%| E|CS|TAMS 0x000000008a800000, 0x000000008a800000| Complete 
| 123|0x000000008a900000, 0x000000008aa00000, 0x000000008aa00000|100%| E|CS|TAMS 0x000000008a900000, 0x000000008a900000| Complete 
| 124|0x000000008aa00000, 0x000000008ab00000, 0x000000008ab00000|100%| E|CS|TAMS 0x000000008aa00000, 0x000000008aa00000| Complete 
| 125|0x000000008ab00000, 0x000000008ac00000, 0x000000008ac00000|100%| E|CS|TAMS 0x000000008ab00000, 0x000000008ab00000| Complete 

Card table byte_map: [0x0000022075d10000,0x0000022076100000] _byte_map_base: 0x00000220758f9000

Marking Bits (Prev, Next): (CMBitMap*) 0x0000022068bd6e30, (CMBitMap*) 0x0000022068bd6e70
 Prev Bits: [0x00000220764f0000, 0x0000022078438000)
 Next Bits: [0x0000022078440000, 0x000002207a388000)

Polling page: 0x0000022068c30000

Metaspace:

Usage:
  Non-class:      2.36 MB used.
      Class:    329.64 KB used.
       Both:      2.68 MB used.

Virtual space:
  Non-class space:        8.00 MB reserved,       2.38 MB ( 30%) committed,  1 nodes.
      Class space:        1.00 GB reserved,     384.00 KB ( <1%) committed,  1 nodes.
             Both:        1.01 GB reserved,       2.75 MB ( <1%) committed. 

Chunk freelists:
   Non-Class:  3.94 MB
       Class:  3.59 MB
        Both:  7.53 MB

MaxMetaspaceSize: unlimited
CompressedClassSpaceSize: 1.00 GB
Initial GC threshold: 21.00 MB
Current GC threshold: 21.00 MB
CDS: on
MetaspaceReclaimPolicy: balanced
 - commit_granule_bytes: 65536.
 - commit_granule_words: 8192.
 - virtual_space_node_default_size: 1048576.
 - enlarge_chunks_in_place: 1.
 - new_chunks_are_fully_committed: 0.
 - uncommit_free_chunks: 1.
 - use_allocation_guard: 0.
 - handle_deallocations: 1.


Internal statistics:

num_allocs_failed_limit: 0.
num_arena_births: 64.
num_arena_deaths: 0.
num_vsnodes_births: 2.
num_vsnodes_deaths: 0.
num_space_committed: 44.
num_space_uncommitted: 0.
num_chunks_returned_to_freelist: 0.
num_chunks_taken_from_freelist: 69.
num_chunk_merges: 0.
num_chunk_splits: 48.
num_chunks_enlarged: 28.
num_purges: 0.
num_inconsistent_stats: 0.

CodeCache: size=49152Kb used=3084Kb max_used=3084Kb free=46067Kb
 bounds [0x0000022071e20000, 0x0000022072130000, 0x0000022074e20000]
 total_blobs=1098 nmethods=677 adapters=347
 compilation: enabled
              stopped_count=0, restarted_count=0
 full_count=0

Compilation events (20 events):
Event: 0.258 Thread 0x000002207d07f080  668       1       java.util.ArrayList::elementData (7 bytes)
Event: 0.258 Thread 0x000002207dcac8e0 nmethod 666 0x000002207211ed10 code [0x000002207211eee0, 0x000002207211f268]
Event: 0.258 Thread 0x000002207d07f080 nmethod 668 0x000002207211f410 code [0x000002207211f5a0, 0x000002207211f698]
Event: 0.258 Thread 0x000002207dca8070 nmethod 667 0x000002207211f790 code [0x000002207211f960, 0x000002207211fd68]
Event: 0.258 Thread 0x000002207d07f080  669       1       java.lang.StringConcatHelper::simpleConcat (94 bytes)
Event: 0.258 Thread 0x000002207dca8070  670       1       java.lang.StringConcatHelper::initialCoder (14 bytes)
Event: 0.258 Thread 0x000002207dca8070 nmethod 670 0x000002207211ff90 code [0x0000022072120120, 0x00000220721201d8]
Event: 0.259 Thread 0x000002207d07f080 nmethod 669 0x0000022072120290 code [0x00000220721204e0, 0x0000022072120c28]
Event: 0.259 Thread 0x000002207d07f080  671       1       java.util.ArrayList::<init> (12 bytes)
Event: 0.259 Thread 0x000002207d07f080 nmethod 671 0x0000022072121010 code [0x00000220721211a0, 0x00000220721212d8]
Event: 0.260 Thread 0x000002207d07f080  673       1       sun.invoke.util.BytecodeDescriptor::unparseSig (49 bytes)
Event: 0.261 Thread 0x000002207d07f080 nmethod 673 0x0000022072121790 code [0x0000022072121980, 0x0000022072121ba8]
Event: 0.261 Thread 0x000002207dcac8e0  674       1       java.lang.invoke.MethodType$ConcurrentWeakInternSet::get (47 bytes)
Event: 0.261 Thread 0x000002207dca8070  675       1       java.lang.invoke.MemberName::isCallerSensitive (8 bytes)
Event: 0.261 Thread 0x000002207d07f080  676       1       java.lang.invoke.MethodType::toMethodDescriptorString (28 bytes)
Event: 0.261 Thread 0x000002207dca8070 nmethod 675 0x0000022072121d90 code [0x0000022072121f20, 0x0000022072122018]
Event: 0.261 Thread 0x000002207dca8070  677       1       jdk.internal.org.objectweb.asm.ByteVector::enlarge (51 bytes)
Event: 0.261 Thread 0x000002207d07f080 nmethod 676 0x0000022072122090 code [0x0000022072122220, 0x0000022072122368]
Event: 0.261 Thread 0x000002207dca8070 nmethod 677 0x0000022072122410 code [0x00000220721225c0, 0x0000022072122828]
Event: 0.261 Thread 0x000002207dcac8e0 nmethod 674 0x0000022072122910 code [0x0000022072122b00, 0x0000022072122ed8]

GC Heap History (0 events):
No events

Dll operation events (8 events):
Event: 0.006 Loaded shared library C:\pleiades\2022-12\java\17\bin\java.dll
Event: 0.012 Loaded shared library C:\pleiades\2022-12\java\17\bin\jsvml.dll
Event: 0.097 Loaded shared library C:\pleiades\2022-12\java\17\bin\jimage.dll
Event: 0.102 Loaded shared library C:\pleiades\2022-12\java\17\bin\net.dll
Event: 0.103 Loaded shared library C:\pleiades\2022-12\java\17\bin\nio.dll
Event: 0.105 Loaded shared library C:\pleiades\2022-12\java\17\bin\zip.dll
Event: 0.141 Loaded shared library C:\pleiades\2022-12\java\17\bin\management.dll
Event: 0.154 Loaded shared library C:\pleiades\2022-12\java\17\bin\management_ext.dll

Deoptimization events (0 events):
No events

Classes unloaded (0 events):
No events

Classes redefined (0 events):
No events

Internal exceptions (7 events):
Event: 0.140 Thread 0x0000022068b7bb20 Exception <a 'java/lang/NoSuchMethodError'{0x000000008a6cd690}: 'java.lang.Object java.lang.invoke.DirectMethodHandle$Holder.invokeStaticInit(java.lang.Object)'> (0x000000008a6cd690) 
thrown [s\src\hotspot\share\interpreter\linkResolver.cpp, line 759]
Event: 0.159 Thread 0x0000022068b7bb20 Exception <a 'java/lang/NoSuchMethodError'{0x000000008a6e9fc8}: 'int java.lang.invoke.DirectMethodHandle$Holder.invokeInterface(java.lang.Object, java.lang.Object)'> (0x000000008a6e9fc8) 
thrown [s\src\hotspot\share\interpreter\linkResolver.cpp, line 759]
Event: 0.159 Thread 0x0000022068b7bb20 Exception <a 'java/lang/IncompatibleClassChangeError'{0x000000008a6ed5c8}: Found class java.lang.Object, but interface was expected> (0x000000008a6ed5c8) 
thrown [s\src\hotspot\share\interpreter\linkResolver.cpp, line 826]
Event: 0.160 Thread 0x0000022068b7bb20 Exception <a 'java/lang/NoSuchMethodError'{0x000000008a6f3208}: 'void java.lang.invoke.DirectMethodHandle$Holder.invokeStatic(java.lang.Object, java.lang.Object)'> (0x000000008a6f3208) 
thrown [s\src\hotspot\share\interpreter\linkResolver.cpp, line 759]
Event: 0.202 Thread 0x0000022068b7bb20 Exception <a 'java/lang/NoSuchMethodError'{0x000000008a5bfde0}: 'int java.lang.invoke.DirectMethodHandle$Holder.invokeSpecial(java.lang.Object, java.lang.Object, java.lang.Object)'> (0x000000008a5bfde0) 
thrown [s\src\hotspot\share\interpreter\linkResolver.cpp, line 759]
Event: 0.237 Thread 0x0000022068b7bb20 Exception <a 'java/lang/NoSuchMethodError'{0x000000008a4bfbd8}: 'void java.lang.invoke.DirectMethodHandle$Holder.invokeStatic(java.lang.Object, java.lang.Object, java.lang.Object)'> (0x000000008a4bfbd8) 
thrown [s\src\hotspot\share\interpreter\linkResolver.cpp, line 759]
Event: 0.256 Thread 0x0000022068b7bb20 Exception <a 'java/lang/NoSuchMethodError'{0x000000008a3041a8}: 'int java.lang.invoke.DirectMethodHandle$Holder.invokeSpecialIFC(java.lang.Object, java.lang.Object, java.lang.Object)'> (0x000000008a3041a8) 
thrown [s\src\hotspot\share\interpreter\linkResolver.cpp, line 759]

VM Operations (4 events):
Event: 0.083 Executing VM operation: HandshakeAllThreads
Event: 0.083 Executing VM operation: HandshakeAllThreads done
Event: 0.244 Executing VM operation: HandshakeAllThreads
Event: 0.244 Executing VM operation: HandshakeAllThreads done

Events (20 events):
Event: 0.259 loading class java/util/concurrent/atomic/AtomicBoolean done
Event: 0.259 loading class java/io/ObjectInputFilter
Event: 0.259 loading class java/io/ObjectInputFilter done
Event: 0.260 loading class java/io/ObjectInputFilter$Config$BuiltinFilterFactory
Event: 0.260 loading class java/io/ObjectInputFilter$Config$BuiltinFilterFactory done
Event: 0.260 loading class jdk/internal/access/JavaObjectInputFilterAccess
Event: 0.260 loading class jdk/internal/access/JavaObjectInputFilterAccess done
Event: 0.260 loading class java/io/ObjectInputFilter$Config$Global
Event: 0.260 loading class java/io/ObjectInputFilter$Config$Global done
Event: 0.260 loading class java/io/ObjectInputFilter$Status
Event: 0.260 loading class java/io/ObjectInputFilter$Status done
Event: 0.261 loading class sun/rmi/server/UnicastServerRef
Event: 0.261 loading class java/rmi/server/ServerRef
Event: 0.261 loading class java/rmi/server/RemoteRef
Event: 0.261 loading class java/io/Externalizable
Event: 0.261 loading class java/io/Externalizable done
Event: 0.261 loading class java/rmi/server/RemoteRef done
Event: 0.261 loading class java/rmi/server/ServerRef done
Event: 0.261 loading class sun/rmi/server/Dispatcher
Event: 0.261 loading class sun/rmi/server/Dispatcher done


Dynamic libraries:
0x00007ff6f80c0000 - 0x00007ff6f80ce000 	C:\pleiades\2022-12\java\17\bin\javaw.exe
0x00007ffda0790000 - 0x00007ffda09a7000 	C:\WINDOWS\SYSTEM32\ntdll.dll
0x00007ffd9f1a0000 - 0x00007ffd9f264000 	C:\WINDOWS\System32\KERNEL32.DLL
0x00007ffd9df80000 - 0x00007ffd9e32d000 	C:\WINDOWS\System32\KERNELBASE.dll
0x00007ffd9dd70000 - 0x00007ffd9de81000 	C:\WINDOWS\System32\ucrtbase.dll
0x00007ffd89400000 - 0x00007ffd89419000 	C:\pleiades\2022-12\java\17\bin\VCRUNTIME140.dll
0x00007ffd93910000 - 0x00007ffd93927000 	C:\pleiades\2022-12\java\17\bin\jli.dll
0x00007ffd9e7f0000 - 0x00007ffd9e99e000 	C:\WINDOWS\System32\USER32.dll
0x00007ffd9de90000 - 0x00007ffd9deb6000 	C:\WINDOWS\System32\win32u.dll
0x00007ffd7b690000 - 0x00007ffd7b923000 	C:\WINDOWS\WinSxS\amd64_microsoft.windows.common-controls_6595b64144ccf1df_6.0.22621.3672_none_2713b9d173822955\COMCTL32.dll
0x00007ffd9f320000 - 0x00007ffd9f3c7000 	C:\WINDOWS\System32\msvcrt.dll
0x00007ffda0640000 - 0x00007ffda0669000 	C:\WINDOWS\System32\GDI32.dll
0x00007ffd9dbb0000 - 0x00007ffd9dcc9000 	C:\WINDOWS\System32\gdi32full.dll
0x00007ffd9dcd0000 - 0x00007ffd9dd6a000 	C:\WINDOWS\System32\msvcp_win.dll
0x00007ffda05a0000 - 0x00007ffda05d1000 	C:\WINDOWS\System32\IMM32.DLL
0x00007ffd92ea0000 - 0x00007ffd92eac000 	C:\pleiades\2022-12\java\17\bin\vcruntime140_1.dll
0x00007ffd610e0000 - 0x00007ffd61171000 	C:\pleiades\2022-12\java\17\bin\msvcp140.dll
0x00007ffd5bb40000 - 0x00007ffd5c787000 	C:\pleiades\2022-12\java\17\bin\server\jvm.dll
0x00007ffd9f3d0000 - 0x00007ffd9f482000 	C:\WINDOWS\System32\ADVAPI32.dll
0x00007ffd9f270000 - 0x00007ffd9f319000 	C:\WINDOWS\System32\sechost.dll
0x00007ffd9e330000 - 0x00007ffd9e358000 	C:\WINDOWS\System32\bcrypt.dll
0x00007ffd9ebf0000 - 0x00007ffd9ed04000 	C:\WINDOWS\System32\RPCRT4.dll
0x00007ffd99350000 - 0x00007ffd99359000 	C:\WINDOWS\SYSTEM32\WSOCK32.dll
0x00007ffd94970000 - 0x00007ffd949a4000 	C:\WINDOWS\SYSTEM32\WINMM.dll
0x00007ffd9b630000 - 0x00007ffd9b63a000 	C:\WINDOWS\SYSTEM32\VERSION.dll
0x00007ffd9f820000 - 0x00007ffd9f891000 	C:\WINDOWS\System32\WS2_32.dll
0x00007ffd9caf0000 - 0x00007ffd9cb08000 	C:\WINDOWS\SYSTEM32\kernel.appcore.dll
0x00007ffd97d60000 - 0x00007ffd97d6a000 	C:\pleiades\2022-12\java\17\bin\jimage.dll
0x00007ffd9aaa0000 - 0x00007ffd9acd2000 	C:\WINDOWS\SYSTEM32\DBGHELP.DLL
0x00007ffd9f490000 - 0x00007ffd9f818000 	C:\WINDOWS\System32\combase.dll
0x00007ffda0670000 - 0x00007ffda0747000 	C:\WINDOWS\System32\OLEAUT32.dll
0x00007ffd8f510000 - 0x00007ffd8f542000 	C:\WINDOWS\SYSTEM32\dbgcore.DLL
0x00007ffd9db30000 - 0x00007ffd9dbab000 	C:\WINDOWS\System32\bcryptPrimitives.dll
0x00007ffd85480000 - 0x00007ffd854a5000 	C:\pleiades\2022-12\java\17\bin\java.dll
0x00007ffd613f0000 - 0x00007ffd614c6000 	C:\pleiades\2022-12\java\17\bin\jsvml.dll
0x00007ffd9fa60000 - 0x00007ffda02bf000 	C:\WINDOWS\System32\SHELL32.dll
0x00007ffd9ba10000 - 0x00007ffd9c30c000 	C:\WINDOWS\SYSTEM32\windows.storage.dll
0x00007ffd9b770000 - 0x00007ffd9b8af000 	C:\WINDOWS\SYSTEM32\wintypes.dll
0x00007ffda02d0000 - 0x00007ffda03c4000 	C:\WINDOWS\System32\SHCORE.dll
0x00007ffda05e0000 - 0x00007ffda063e000 	C:\WINDOWS\System32\shlwapi.dll
0x00007ffd9d9f0000 - 0x00007ffd9da11000 	C:\WINDOWS\SYSTEM32\profapi.dll
0x00007ffd893a0000 - 0x00007ffd893b9000 	C:\pleiades\2022-12\java\17\bin\net.dll
0x00007ffd95570000 - 0x00007ffd956a6000 	C:\WINDOWS\SYSTEM32\WINHTTP.dll
0x00007ffd9d050000 - 0x00007ffd9d0b9000 	C:\WINDOWS\system32\mswsock.dll
0x00007ffd7bb10000 - 0x00007ffd7bb25000 	C:\pleiades\2022-12\java\17\bin\nio.dll
0x00007ffd8be70000 - 0x00007ffd8be88000 	C:\pleiades\2022-12\java\17\bin\zip.dll
0x00007ffd8f500000 - 0x00007ffd8f509000 	C:\pleiades\2022-12\java\17\bin\management.dll
0x00007ffd8cc90000 - 0x00007ffd8cc9b000 	C:\pleiades\2022-12\java\17\bin\management_ext.dll
0x00007ffd9ed10000 - 0x00007ffd9ed18000 	C:\WINDOWS\System32\PSAPI.DLL
0x00007ffd32610000 - 0x00007ffd32627000 	C:\WINDOWS\system32\napinsp.dll
0x00007ffd325f0000 - 0x00007ffd3260b000 	C:\WINDOWS\system32\pnrpnsp.dll
0x00007ffd9c5e0000 - 0x00007ffd9c6d8000 	C:\WINDOWS\SYSTEM32\DNSAPI.dll
0x00007ffd9c570000 - 0x00007ffd9c59d000 	C:\WINDOWS\SYSTEM32\IPHLPAPI.DLL
0x00007ffda02c0000 - 0x00007ffda02c9000 	C:\WINDOWS\System32\NSI.dll
0x00007ffd325d0000 - 0x00007ffd325e1000 	C:\WINDOWS\System32\winrnr.dll
0x00007ffd94290000 - 0x00007ffd942a5000 	C:\WINDOWS\system32\wshbth.dll
0x00007ffd325a0000 - 0x00007ffd325c7000 	C:\WINDOWS\system32\nlansp_c.dll
0x0000000072c80000 - 0x0000000072ca6000 	C:\Program Files\Bonjour\mdnsNSP.dll
0x00007ffd98970000 - 0x00007ffd9897a000 	C:\Windows\System32\rasadhlp.dll
0x00007ffd941c0000 - 0x00007ffd94243000 	C:\WINDOWS\System32\fwpuclnt.dll

dbghelp: loaded successfully - version: 4.0.5 - missing functions: none
symbol engine: initialized successfully - sym options: 0x614 - pdb path: .;C:\pleiades\2022-12\java\17\bin;C:\WINDOWS\SYSTEM32;C:\WINDOWS\WinSxS\amd64_microsoft.windows.common-controls_6595b64144ccf1df_6.0.22621.3672_none_2713b9d173822955;C:\pleiades\2022-12\java\17\bin\server;C:\Program Files\Bonjour

VM Arguments:
jvm_args: -Dcom.sun.management.jmxremote -Dcom.sun.management.jmxremote.port=50246 -Dcom.sun.management.jmxremote.authenticate=false -Dcom.sun.management.jmxremote.ssl=false -Djava.rmi.server.hostname=localhost -Dspring.jmx.enabled=true -Dmanagement.endpoints.jmx.exposure.include=* -Dspring.application.admin.enabled=true -XX:TieredStopAtLevel=1 -Dspring.boot.project.name=easylogin -Dfile.encoding=UTF-8 -XX:+ShowCodeDetailsInExceptionMessages 
java_command: jp.co.internous.easylogin.EasyloginApplication --spring.output.ansi.enabled=always
java_class_path (initial): C:\Users\ktyou\OneDrive\デスクトップ\workspace\easylogin\bin\main;C:\Users\ktyou\.gradle\caches\modules-2\files-2.1\org.springframework.boot\spring-boot-starter-thymeleaf\3.3.2\cdcc62e2bb84c080a474281cf09c28cdfd423955\spring-boot-starter-thymeleaf-3.3.2.jar;C:\Users\ktyou\.gradle\caches\modules-2\files-2.1\org.springframework.boot\spring-boot-starter-web\3.3.2\720418538668a8742d0ae24097811d5250cf5c32\spring-boot-starter-web-3.3.2.jar;C:\Users\ktyou\.gradle\caches\modules-2\files-2.1\org.mybatis.spring.boot\mybatis-spring-boot-starter\3.0.3\19528356bf8bad2be5f8bf796dfc30bcc4996054\mybatis-spring-boot-starter-3.0.3.jar;C:\Users\ktyou\.gradle\caches\modules-2\files-2.1\org.springframework.boot\spring-boot-starter-json\3.3.2\d8b8b73e7820092b4e41d730eeb968add7957c45\spring-boot-starter-json-3.3.2.jar;C:\Users\ktyou\.gradle\caches\modules-2\files-2.1\org.springframework.boot\spring-boot-starter-jdbc\3.3.2\544775d745288972598ab2e872e5a4816b6d9b39\spring-boot-starter-jdbc-3.3.2.jar;C:\Users\ktyou\.gradle\caches\modules-2\files-2.1\org.springframework.boot\spring-boot-starter\3.3.2\f9377a223dab5c4afe7aead05bf6ac567cf565ab\spring-boot-starter-3.3.2.jar;C:\Users\ktyou\.gradle\caches\modules-2\files-2.1\org.thymeleaf\thymeleaf-spring6\3.1.2.RELEASE\6030c7b4e260c41336f378e53da6e8531263f24b\thymeleaf-spring6-3.1.2.RELEASE.jar;C:\Users\ktyou\.gradle\caches\modules-2\files-2.1\org.springframework.boot\spring-boot-starter-tomcat\3.3.2\37ccb53cd5207fffd7a6fc1b591687f8cb1350df\spring-boot-starter-tomcat-3.3.2.jar;C:\Users\ktyou\.gradle\caches\modules-2\files-2.1\org.springframework\spring-webmvc\6.1.11\9ec4c2a5e28bf7b2d60e254e976940b12c8ba32a\spring-webmvc-6.1.11.jar;C:\Users\ktyou\.gradle\caches\modules-2\files-2.1\org.springframework\spring-web\6.1.11\8910d08f15492273543d2c8032b2b895e08ed9e\spring-web-6.1.11.jar;C:\Users\ktyou\.gradle\caches\modules-2\files-2.1\org.mybatis.spring.boot\mybatis-spring-boot-autoconfigure\3.0.3\b73a2effa4f60a2eeca98aa12ea343
Launcher Type: SUN_STANDARD

[Global flags]
     intx CICompilerCount                          = 4                                         {product} {ergonomic}
     uint ConcGCThreads                            = 3                                         {product} {ergonomic}
     uint G1ConcRefinementThreads                  = 10                                        {product} {ergonomic}
   size_t G1HeapRegionSize                         = 1048576                                   {product} {ergonomic}
    uintx GCDrainStackTargetSize                   = 64                                        {product} {ergonomic}
   size_t InitialHeapSize                          = 132120576                                 {product} {ergonomic}
     bool ManagementServer                         = true                                      {product} {command line}
   size_t MarkStackSize                            = 4194304                                   {product} {ergonomic}
   size_t MaxHeapSize                              = 2099249152                                {product} {ergonomic}
   size_t MaxNewSize                               = 1259339776                                {product} {ergonomic}
   size_t MinHeapDeltaBytes                        = 1048576                                   {product} {ergonomic}
   size_t MinHeapSize                              = 8388608                                   {product} {ergonomic}
    uintx NonProfiledCodeHeapSize                  = 0                                      {pd product} {ergonomic}
     bool ProfileInterpreter                       = false                                  {pd product} {command line}
    uintx ProfiledCodeHeapSize                     = 0                                      {pd product} {ergonomic}
     bool ShowCodeDetailsInExceptionMessages       = true                                   {manageable} {command line}
   size_t SoftMaxHeapSize                          = 2099249152                             {manageable} {ergonomic}
     intx TieredStopAtLevel                        = 1                                         {product} {command line}
     bool UseCompressedClassPointers               = true                           {product lp64_product} {ergonomic}
     bool UseCompressedOops                        = true                           {product lp64_product} {ergonomic}
     bool UseG1GC                                  = true                                      {product} {ergonomic}
     bool UseLargePagesIndividualAllocation        = false                                  {pd product} {ergonomic}

Logging:
Log output configuration:
 #0: stdout all=warning uptime,level,tags
 #1: stderr all=off uptime,level,tags

Environment Variables:
PATH=C:/pleiades/2022-12/java/17/bin/server;C:/pleiades/2022-12/java/17/bin;C:\WINDOWS\system32;C:\WINDOWS;C:\WINDOWS\System32\Wbem;C:\WINDOWS\System32\WindowsPowerShell\v1.0\;C:\WINDOWS\System32\OpenSSH\;C:\Program Files\TortoiseSVN\bin;C:\xampp\mysql\bin;C:\Program Files\Git\cmd;C:\Program Files (x86)\Common Files\Intel\Shared Libraries\redist\intel64_win\compiler;C:\Users\ktyou\AppData\Local\Microsoft\WindowsApps;C:\Users\ktyou\AppData\Local\Programs\Microsoft VS Code\bin;C:\pleiades\2022-12\eclipse;
USERNAME=ktyou
OS=Windows_NT
PROCESSOR_IDENTIFIER=Intel64 Family 6 Model 165 Stepping 3, GenuineIntel
TMP=C:\Users\ktyou\AppData\Local\Temp
TEMP=C:\Users\ktyou\AppData\Local\Temp



---------------  S Y S T E M  ---------------

OS:
 Windows 11 , 64 bit Build 22621 (10.0.22621.3672)
OS uptime: 6 days 23:19 hours

CPU: total 12 (initial active 12) (6 cores per cpu, 2 threads per core) family 6 model 165 stepping 3 microcode 0xe0, cx8, cmov, fxsr, ht, mmx, 3dnowpref, sse, sse2, sse3, ssse3, sse4.1, sse4.2, popcnt, lzcnt, tsc, tscinvbit, avx, avx2, aes, erms, clmul, bmi1, bmi2, adx, fma, vzeroupper, clflush, clflushopt

Memory: 4k page, system-wide physical 8001M (415M free)
TotalPageFile size 32577M (AvailPageFile size 0M)
current process WorkingSet (physical memory assigned to process): 45M, peak: 45M
current process commit charge ("private bytes"): 213M, peak: 213M

vm_info: OpenJDK 64-Bit Server VM (17.0.6+10) for windows-amd64 JRE (17.0.6+10), built on Jan 18 2023 10:08:59 by "temurin" with MS VC++ 16.7 (VS2019)

END.
